This is pdfTeX, Version 3.141592653-2.6-1.40.25 (TeX Live 2023) (preloaded format=pdflatex 2023.7.20)  19 APR 2024 12:33
entering extended mode
 restricted \write18 enabled.
 file:line:error style messages enabled.
 %&-line parsing enabled.
**radar_equations.tex
(./radar_equations.tex
LaTeX2e <2022-11-01> patch level 1
L3 programming layer <2023-02-22>
(/usr/local/texlive/2023/texmf-dist/tex/latex/base/article.cls
Document Class: article 2022/07/02 v1.4n Standard LaTeX document class
(/usr/local/texlive/2023/texmf-dist/tex/latex/base/size10.clo
File: size10.clo 2022/07/02 v1.4n Standard LaTeX file (size option)
)
\c@part=\count185
\c@section=\count186
\c@subsection=\count187
\c@subsubsection=\count188
\c@paragraph=\count189
\c@subparagraph=\count190
\c@figure=\count191
\c@table=\count192
\abovecaptionskip=\skip48
\belowcaptionskip=\skip49
\bibindent=\dimen140
)
(/usr/local/texlive/2023/texmf-dist/tex/latex/base/inputenc.sty
Package: inputenc 2021/02/14 v1.3d Input encoding file
\inpenc@prehook=\toks16
\inpenc@posthook=\toks17
)
(/usr/local/texlive/2023/texmf-dist/tex/latex/amsmath/amsmath.sty
Package: amsmath 2022/04/08 v2.17n AMS math features
\@mathmargin=\skip50

For additional information on amsmath, use the `?' option.
(/usr/local/texlive/2023/texmf-dist/tex/latex/amsmath/amstext.sty
Package: amstext 2021/08/26 v2.01 AMS text

(/usr/local/texlive/2023/texmf-dist/tex/latex/amsmath/amsgen.sty
File: amsgen.sty 1999/11/30 v2.0 generic functions
\@emptytoks=\toks18
\ex@=\dimen141
))
(/usr/local/texlive/2023/texmf-dist/tex/latex/amsmath/amsbsy.sty
Package: amsbsy 1999/11/29 v1.2d Bold Symbols
\pmbraise@=\dimen142
)
(/usr/local/texlive/2023/texmf-dist/tex/latex/amsmath/amsopn.sty
Package: amsopn 2022/04/08 v2.04 operator names
)
\inf@bad=\count193
LaTeX Info: Redefining \frac on input line 234.
\uproot@=\count194
\leftroot@=\count195
LaTeX Info: Redefining \overline on input line 399.
LaTeX Info: Redefining \colon on input line 410.
\classnum@=\count196
\DOTSCASE@=\count197
LaTeX Info: Redefining \ldots on input line 496.
LaTeX Info: Redefining \dots on input line 499.
LaTeX Info: Redefining \cdots on input line 620.
\Mathstrutbox@=\box51
\strutbox@=\box52
LaTeX Info: Redefining \big on input line 722.
LaTeX Info: Redefining \Big on input line 723.
LaTeX Info: Redefining \bigg on input line 724.
LaTeX Info: Redefining \Bigg on input line 725.
\big@size=\dimen143
LaTeX Font Info:    Redeclaring font encoding OML on input line 743.
LaTeX Font Info:    Redeclaring font encoding OMS on input line 744.
\macc@depth=\count198
LaTeX Info: Redefining \bmod on input line 905.
LaTeX Info: Redefining \pmod on input line 910.
LaTeX Info: Redefining \smash on input line 940.
LaTeX Info: Redefining \relbar on input line 970.
LaTeX Info: Redefining \Relbar on input line 971.
\c@MaxMatrixCols=\count199
\dotsspace@=\muskip16
\c@parentequation=\count266
\dspbrk@lvl=\count267
\tag@help=\toks19
\row@=\count268
\column@=\count269
\maxfields@=\count270
\andhelp@=\toks20
\eqnshift@=\dimen144
\alignsep@=\dimen145
\tagshift@=\dimen146
\tagwidth@=\dimen147
\totwidth@=\dimen148
\lineht@=\dimen149
\@envbody=\toks21
\multlinegap=\skip51
\multlinetaggap=\skip52
\mathdisplay@stack=\toks22
LaTeX Info: Redefining \[ on input line 2953.
LaTeX Info: Redefining \] on input line 2954.
)
(/usr/local/texlive/2023/texmf-dist/tex/latex/amsfonts/amsfonts.sty
Package: amsfonts 2013/01/14 v3.01 Basic AMSFonts support
\symAMSa=\mathgroup4
\symAMSb=\mathgroup5
LaTeX Font Info:    Redeclaring math symbol \hbar on input line 98.
LaTeX Font Info:    Overwriting math alphabet `\mathfrak' in version `bold'
(Font)                  U/euf/m/n --> U/euf/b/n on input line 106.
)
(/usr/local/texlive/2023/texmf-dist/tex/latex/amsfonts/amssymb.sty
Package: amssymb 2013/01/14 v3.01 AMS font symbols
)
(/usr/local/texlive/2023/texmf-dist/tex/latex/graphics/graphicx.sty
Package: graphicx 2021/09/16 v1.2d Enhanced LaTeX Graphics (DPC,SPQR)

(/usr/local/texlive/2023/texmf-dist/tex/latex/graphics/keyval.sty
Package: keyval 2022/05/29 v1.15 key=value parser (DPC)
\KV@toks@=\toks23
)
(/usr/local/texlive/2023/texmf-dist/tex/latex/graphics/graphics.sty
Package: graphics 2022/03/10 v1.4e Standard LaTeX Graphics (DPC,SPQR)

(/usr/local/texlive/2023/texmf-dist/tex/latex/graphics/trig.sty
Package: trig 2021/08/11 v1.11 sin cos tan (DPC)
)
(/usr/local/texlive/2023/texmf-dist/tex/latex/graphics-cfg/graphics.cfg
File: graphics.cfg 2016/06/04 v1.11 sample graphics configuration
)
Package graphics Info: Driver file: pdftex.def on input line 107.

(/usr/local/texlive/2023/texmf-dist/tex/latex/graphics-def/pdftex.def
File: pdftex.def 2022/09/22 v1.2b Graphics/color driver for pdftex
))
\Gin@req@height=\dimen150
\Gin@req@width=\dimen151
)
(/usr/local/texlive/2023/texmf-dist/tex/latex/geometry/geometry.sty
Package: geometry 2020/01/02 v5.9 Page Geometry

(/usr/local/texlive/2023/texmf-dist/tex/generic/iftex/ifvtex.sty
Package: ifvtex 2019/10/25 v1.7 ifvtex legacy package. Use iftex instead.

(/usr/local/texlive/2023/texmf-dist/tex/generic/iftex/iftex.sty
Package: iftex 2022/02/03 v1.0f TeX engine tests
))
\Gm@cnth=\count271
\Gm@cntv=\count272
\c@Gm@tempcnt=\count273
\Gm@bindingoffset=\dimen152
\Gm@wd@mp=\dimen153
\Gm@odd@mp=\dimen154
\Gm@even@mp=\dimen155
\Gm@layoutwidth=\dimen156
\Gm@layoutheight=\dimen157
\Gm@layouthoffset=\dimen158
\Gm@layoutvoffset=\dimen159
\Gm@dimlist=\toks24
)
(/usr/local/texlive/2023/texmf-dist/tex/latex/l3backend/l3backend-pdftex.def
File: l3backend-pdftex.def 2023-01-16 L3 backend support: PDF output (pdfTeX)
\l__color_backend_stack_int=\count274
\l__pdf_internal_box=\box53
)
(./radar_equations.aux)
\openout1 = `radar_equations.aux'.

LaTeX Font Info:    Checking defaults for OML/cmm/m/it on input line 18.
LaTeX Font Info:    ... okay on input line 18.
LaTeX Font Info:    Checking defaults for OMS/cmsy/m/n on input line 18.
LaTeX Font Info:    ... okay on input line 18.
LaTeX Font Info:    Checking defaults for OT1/cmr/m/n on input line 18.
LaTeX Font Info:    ... okay on input line 18.
LaTeX Font Info:    Checking defaults for T1/cmr/m/n on input line 18.
LaTeX Font Info:    ... okay on input line 18.
LaTeX Font Info:    Checking defaults for TS1/cmr/m/n on input line 18.
LaTeX Font Info:    ... okay on input line 18.
LaTeX Font Info:    Checking defaults for OMX/cmex/m/n on input line 18.
LaTeX Font Info:    ... okay on input line 18.
LaTeX Font Info:    Checking defaults for U/cmr/m/n on input line 18.
LaTeX Font Info:    ... okay on input line 18.

(/usr/local/texlive/2023/texmf-dist/tex/context/base/mkii/supp-pdf.mkii
[Loading MPS to PDF converter (version 2006.09.02).]
\scratchcounter=\count275
\scratchdimen=\dimen160
\scratchbox=\box54
\nofMPsegments=\count276
\nofMParguments=\count277
\everyMPshowfont=\toks25
\MPscratchCnt=\count278
\MPscratchDim=\dimen161
\MPnumerator=\count279
\makeMPintoPDFobject=\count280
\everyMPtoPDFconversion=\toks26
) (/usr/local/texlive/2023/texmf-dist/tex/latex/epstopdf-pkg/epstopdf-base.sty
Package: epstopdf-base 2020-01-24 v2.11 Base part for package epstopdf
Package epstopdf-base Info: Redefining graphics rule for `.eps' on input line 4
85.

(/usr/local/texlive/2023/texmf-dist/tex/latex/latexconfig/epstopdf-sys.cfg
File: epstopdf-sys.cfg 2010/07/13 v1.3 Configuration of (r)epstopdf for TeX Liv
e
))
*geometry* driver: auto-detecting
*geometry* detected driver: pdftex
*geometry* verbose mode - [ preamble ] result:
* driver: pdftex
* paper: a4paper
* layout: <same size as paper>
* layoutoffset:(h,v)=(0.0pt,0.0pt)
* modes: 
* h-part:(L,W,R)=(72.26999pt, 452.9679pt, 72.26999pt)
* v-part:(T,H,B)=(72.26999pt, 700.50687pt, 72.26999pt)
* \paperwidth=597.50787pt
* \paperheight=845.04684pt
* \textwidth=452.9679pt
* \textheight=700.50687pt
* \oddsidemargin=0.0pt
* \evensidemargin=0.0pt
* \topmargin=-37.0pt
* \headheight=12.0pt
* \headsep=25.0pt
* \topskip=10.0pt
* \footskip=30.0pt
* \marginparwidth=65.0pt
* \marginparsep=11.0pt
* \columnsep=10.0pt
* \skip\footins=9.0pt plus 4.0pt minus 2.0pt
* \hoffset=0.0pt
* \voffset=0.0pt
* \mag=1000
* \@twocolumnfalse
* \@twosidefalse
* \@mparswitchfalse
* \@reversemarginfalse
* (1in=72.27pt=25.4mm, 1cm=28.453pt)

LaTeX Font Info:    Trying to load font information for U+msa on input line 20.

(/usr/local/texlive/2023/texmf-dist/tex/latex/amsfonts/umsa.fd
File: umsa.fd 2013/01/14 v3.01 AMS symbols A
)
LaTeX Font Info:    Trying to load font information for U+msb on input line 20.


(/usr/local/texlive/2023/texmf-dist/tex/latex/amsfonts/umsb.fd
File: umsb.fd 2013/01/14 v3.01 AMS symbols B
)

LaTeX Warning: No \author given.


Underfull \hbox (badness 10000) in paragraph at lines 32--33

 []


Underfull \hbox (badness 10000) in paragraph at lines 48--49

 []

[1

{/usr/local/texlive/2023/texmf-var/fonts/map/pdftex/updmap/pdftex.map}]
Overfull \hbox (28.61635pt too wide) in paragraph at lines 82--83
[]\OT1/cmr/m/n/10 The fol-low-ing quan-ti-ties can be de-rived from the RPE, se
e ASEN5245[]01c[]Radar[]Fundamentals[]2024[]0118
 []

[2] [3]
<figs/FT_pair.png, id=20, 473.77pt x 97.36375pt>
File: figs/FT_pair.png Graphic file (type png)
<use figs/FT_pair.png>
Package pdftex.def Info: figs/FT_pair.png  used on input line 278.
(pdftex.def)             Requested size: 448.4407pt x 92.16075pt.

Overfull \hbox (20.47284pt too wide) in paragraph at lines 278--279
[][] 
 []

[4{/usr/local/texlive/2023/texmf-dist/fonts/enc/dvips/cm-super/cm-super-ts1.enc
} <./figs/FT_pair.png>]
<figs/Electromagnetics.png, id=27, 557.08125pt x 434.62375pt>
File: figs/Electromagnetics.png Graphic file (type png)
<use figs/Electromagnetics.png>
Package pdftex.def Info: figs/Electromagnetics.png  used on input line 379.
(pdftex.def)             Requested size: 448.4407pt x 349.8747pt.

Overfull \hbox (20.47284pt too wide) in paragraph at lines 379--380
[][] 
 []

<figs/MaxwellsEquations.png, id=28, 598.235pt x 311.1625pt>
File: figs/MaxwellsEquations.png Graphic file (type png)
<use figs/MaxwellsEquations.png>
Package pdftex.def Info: figs/MaxwellsEquations.png  used on input line 383.
(pdftex.def)             Requested size: 448.4407pt x 233.2526pt.

Overfull \hbox (20.47284pt too wide) in paragraph at lines 383--384
[][] 
 []

[5 <./figs/Electromagnetics.png>]
<figs/PhasorNotation.png, id=33, 645.41125pt x 430.60875pt>
File: figs/PhasorNotation.png Graphic file (type png)
<use figs/PhasorNotation.png>
Package pdftex.def Info: figs/PhasorNotation.png  used on input line 388.
(pdftex.def)             Requested size: 448.4407pt x 299.19006pt.

Overfull \hbox (20.47284pt too wide) in paragraph at lines 388--389
[][] 
 []

<figs/ComplexPermittivity.png, id=34, 686.565pt x 440.64626pt>
File: figs/ComplexPermittivity.png Graphic file (type png)
<use figs/ComplexPermittivity.png>
Package pdftex.def Info: figs/ComplexPermittivity.png  used on input line 393.
(pdftex.def)             Requested size: 448.4407pt x 287.8152pt.

Overfull \hbox (20.47284pt too wide) in paragraph at lines 393--394
[][] 
 []

[6 <./figs/MaxwellsEquations.png> <./figs/PhasorNotation.png>]
<figs/PropagatingWaves.png, id=40, 672.5125pt x 442.65375pt>
File: figs/PropagatingWaves.png Graphic file (type png)
<use figs/PropagatingWaves.png>
Package pdftex.def Info: figs/PropagatingWaves.png  used on input line 397.
(pdftex.def)             Requested size: 448.4407pt x 295.17155pt.

Overfull \hbox (20.47284pt too wide) in paragraph at lines 397--398
[][] 
 []

[7 <./figs/ComplexPermittivity.png> <./figs/PropagatingWaves.png>]
<figs/HomogenousWaveEqn.png, id=47, 461.725pt x 186.6975pt>
File: figs/HomogenousWaveEqn.png Graphic file (type png)
<use figs/HomogenousWaveEqn.png>
Package pdftex.def Info: figs/HomogenousWaveEqn.png  used on input line 410.
(pdftex.def)             Requested size: 357.84158pt x 144.69191pt.
<figs/WaveSolution.png, id=48, 378.41376pt x 75.28125pt>
File: figs/WaveSolution.png Graphic file (type png)
<use figs/WaveSolution.png>
Package pdftex.def Info: figs/WaveSolution.png  used on input line 425.
(pdftex.def)             Requested size: 312.54895pt x 62.179pt.
<figs/LosslessMedia1.png, id=49, 418.56375pt x 288.07625pt>
File: figs/LosslessMedia1.png Graphic file (type png)
<use figs/LosslessMedia1.png>
Package pdftex.def Info: figs/LosslessMedia1.png  used on input line 442.
(pdftex.def)             Requested size: 403.14114pt x 277.45995pt.
 [8 <./figs/HomogenousWaveEqn.png> <./figs/WaveSolution.png>]
<figs/LosslessMedia2.png, id=56, 436.63126pt x 273.02pt>
File: figs/LosslessMedia2.png Graphic file (type png)
<use figs/LosslessMedia2.png>
Package pdftex.def Info: figs/LosslessMedia2.png  used on input line 444.
(pdftex.def)             Requested size: 403.14114pt x 252.08128pt.

Underfull \hbox (badness 10000) in paragraph at lines 452--453

 []

<figs/Refraction.png, id=57, 467.7475pt x 155.58125pt>
File: figs/Refraction.png Graphic file (type png)
<use figs/Refraction.png>
Package pdftex.def Info: figs/Refraction.png  used on input line 454.
(pdftex.def)             Requested size: 357.84158pt x 119.03113pt.
[9 <./figs/LosslessMedia1.png> <./figs/LosslessMedia2.png>]
<figs/RCS_plate.png, id=64, 526.96875pt x 338.26375pt>
File: figs/RCS_plate.png Graphic file (type png)
<use figs/RCS_plate.png>
Package pdftex.def Info: figs/RCS_plate.png  used on input line 476.
(pdftex.def)             Requested size: 312.54895pt x 200.63713pt.
<figs/antennaradiatedpower.png, id=65, 472.76625pt x 231.86626pt>
File: figs/antennaradiatedpower.png Graphic file (type png)
<use figs/antennaradiatedpower.png>
Package pdftex.def Info: figs/antennaradiatedpower.png  used on input line 508.

(pdftex.def)             Requested size: 357.84158pt x 175.5055pt.
 [10 <./figs/Refraction.png> <./figs/RCS_plate.png>]
<figs/normalizedradiationpattern.png, id=71, 615.29875pt x 326.21875pt>
File: figs/normalizedradiationpattern.png Graphic file (type png)
<use figs/normalizedradiationpattern.png>
Package pdftex.def Info: figs/normalizedradiationpattern.png  used on input lin
e 516.
(pdftex.def)             Requested size: 357.84158pt x 189.72467pt.
<figs/radiationintensity.png, id=72, 517.935pt x 56.21pt>
File: figs/radiationintensity.png Graphic file (type png)
<use figs/radiationintensity.png>
Package pdftex.def Info: figs/radiationintensity.png  used on input line 529.
(pdftex.def)             Requested size: 267.24939pt x 29.00464pt.
 [11 <./figs/antennaradiatedpower.png> <./figs/normalizedradiationpattern.png> 
<./figs/radiationintensity.png>]
<figs/VSWR.png, id=79, 471.7625pt x 198.7425pt>
File: figs/VSWR.png Graphic file (type png)
<use figs/VSWR.png>
Package pdftex.def Info: figs/VSWR.png  used on input line 569.
(pdftex.def)             Requested size: 357.84158pt x 150.7517pt.
<figs/beamwidth.png, id=80, 433.62pt x 174.6525pt>
File: figs/beamwidth.png Graphic file (type png)
<use figs/beamwidth.png>
Package pdftex.def Info: figs/beamwidth.png  used on input line 599.
(pdftex.def)             Requested size: 357.84158pt x 144.13805pt.
 [12 <./figs/VSWR.png>]
<figs/linearpolarization.png, id=85, 441.65pt x 247.92625pt>
File: figs/linearpolarization.png Graphic file (type png)
<use figs/linearpolarization.png>
Package pdftex.def Info: figs/linearpolarization.png  used on input line 625.
(pdftex.def)             Requested size: 312.54895pt x 175.46141pt.
<figs/slantpolarization.png, id=86, 438.63875pt x 261.97874pt>
File: figs/slantpolarization.png Graphic file (type png)
<use figs/slantpolarization.png>
Package pdftex.def Info: figs/slantpolarization.png  used on input line 629.
(pdftex.def)             Requested size: 312.54895pt x 186.67378pt.
 [13 <./figs/beamwidth.png> <./figs/linearpolarization.png>]
<figs/RHCpolarization.png, id=93, 440.64626pt x 295.1025pt>
File: figs/RHCpolarization.png Graphic file (type png)
<use figs/RHCpolarization.png>
Package pdftex.def Info: figs/RHCpolarization.png  used on input line 635.
(pdftex.def)             Requested size: 312.54895pt x 209.3216pt.
<figs/LHCpolarization.png, id=94, 448.67625pt x 298.11375pt>
File: figs/LHCpolarization.png Graphic file (type png)
<use figs/LHCpolarization.png>
Package pdftex.def Info: figs/LHCpolarization.png  used on input line 639.
(pdftex.def)             Requested size: 312.54895pt x 207.6729pt.
<figs/elipticalpolarization.png, id=95, 443.6575pt x 250.9375pt>
File: figs/elipticalpolarization.png Graphic file (type png)
<use figs/elipticalpolarization.png>
Package pdftex.def Info: figs/elipticalpolarization.png  used on input line 644
.
(pdftex.def)             Requested size: 312.54895pt x 176.78076pt.
 [14 <./figs/slantpolarization.png> <./figs/RHCpolarization.png> <./figs/LHCpol
arization.png>]
<figs/transform_polarizations.png, id=102, 431.6125pt x 275.0275pt>
File: figs/transform_polarizations.png Graphic file (type png)
<use figs/transform_polarizations.png>
Package pdftex.def Info: figs/transform_polarizations.png  used on input line 6
50.
(pdftex.def)             Requested size: 312.54895pt x 199.16531pt.
<figs/scattering_matrix.png, id=103, 412.54124pt x 107.40125pt>
File: figs/scattering_matrix.png Graphic file (type png)
<use figs/scattering_matrix.png>
Package pdftex.def Info: figs/scattering_matrix.png  used on input line 662.
(pdftex.def)             Requested size: 312.54895pt x 81.37012pt.
 [15 <./figs/elipticalpolarization.png> <./figs/transform_polarizations.png> <.
/figs/scattering_matrix.png>]
<figs/radar_resolution_volume.png, id=110, 367.3725pt x 228.855pt>
File: figs/radar_resolution_volume.png Graphic file (type png)
<use figs/radar_resolution_volume.png>
Package pdftex.def Info: figs/radar_resolution_volume.png  used on input line 6
98.
(pdftex.def)             Requested size: 312.54895pt x 194.71623pt.
<figs/radar_eqn_volume_targets.png, id=111, 419.5675pt x 98.3675pt>
File: figs/radar_eqn_volume_targets.png Graphic file (type png)
<use figs/radar_eqn_volume_targets.png>
Package pdftex.def Info: figs/radar_eqn_volume_targets.png  used on input line 
702.
(pdftex.def)             Requested size: 312.54895pt x 73.2771pt.
<figs/SNRVolume.png, id=112, 354.32375pt x 137.51375pt>
File: figs/SNRVolume.png Graphic file (type png)
<use figs/SNRVolume.png>
Package pdftex.def Info: figs/SNRVolume.png  used on input line 706.
(pdftex.def)             Requested size: 312.54895pt x 121.30412pt.
 [16 <./figs/radar_resolution_volume.png> <./figs/radar_eqn_volume_targets.png>
 <./figs/SNRVolume.png>]
<figs/scattering_regions.png, id=119, 511.9125pt x 330.23375pt>
File: figs/scattering_regions.png Graphic file (type png)
<use figs/scattering_regions.png>
Package pdftex.def Info: figs/scattering_regions.png  used on input line 747.
(pdftex.def)             Requested size: 357.84158pt x 230.84457pt.
<figs/mie_scattering.png, id=120, 753.81625pt x 512.91624pt>
File: figs/mie_scattering.png Graphic file (type png)
<use figs/mie_scattering.png>
Package pdftex.def Info: figs/mie_scattering.png  used on input line 758.
(pdftex.def)             Requested size: 357.84158pt x 243.48122pt.
 [17 <./figs/scattering_regions.png> <./figs/mie_scattering.png>]
<figs/mie_scattering_metal.png, id=126, 810.02625pt x 469.755pt>
File: figs/mie_scattering_metal.png Graphic file (type png)
<use figs/mie_scattering_metal.png>
Package pdftex.def Info: figs/mie_scattering_metal.png  used on input line 764.

(pdftex.def)             Requested size: 357.84158pt x 207.5243pt.
<figs/rayleigh_scattering.png, id=127, 729.72626pt x 371.3875pt>
File: figs/rayleigh_scattering.png Graphic file (type png)
<use figs/rayleigh_scattering.png>
Package pdftex.def Info: figs/rayleigh_scattering.png  used on input line 768.
(pdftex.def)             Requested size: 312.54895pt x 159.07014pt.
<figs/radar_reflectivity.png, id=128, 773.89125pt x 512.91624pt>
File: figs/radar_reflectivity.png Graphic file (type png)
<use figs/radar_reflectivity.png>
Package pdftex.def Info: figs/radar_reflectivity.png  used on input line 772.
(pdftex.def)             Requested size: 312.54895pt x 207.15079pt.
 [18 <./figs/mie_scattering_metal.png> <./figs/rayleigh_scattering.png> <./figs
/radar_reflectivity.png>]
<figs/radar_power_from_reflectivity.png, id=135, 638.385pt x 108.405pt>
File: figs/radar_power_from_reflectivity.png Graphic file (type png)
<use figs/radar_power_from_reflectivity.png>
Package pdftex.def Info: figs/radar_power_from_reflectivity.png  used on input 
line 786.
(pdftex.def)             Requested size: 312.54895pt x 53.07423pt.
<figs/raindrop_size_dist.png, id=136, 779.91376pt x 515.9275pt>
File: figs/raindrop_size_dist.png Graphic file (type png)
<use figs/raindrop_size_dist.png>
Package pdftex.def Info: figs/raindrop_size_dist.png  used on input line 791.
(pdftex.def)             Requested size: 312.54895pt x 206.75308pt.
<figs/doppler_clutter.png, id=137, 618.31pt x 391.4625pt>
File: figs/doppler_clutter.png Graphic file (type png)
<use figs/doppler_clutter.png>
Package pdftex.def Info: figs/doppler_clutter.png  used on input line 832.
(pdftex.def)             Requested size: 312.54895pt x 197.8871pt.
 [19 <./figs/radar_power_from_reflectivity.png> <./figs/raindrop_size_dist.png>
]
<figs/clutter_params.png, id=144, 545.03625pt x 197.73875pt>
File: figs/clutter_params.png Graphic file (type png)
<use figs/clutter_params.png>
Package pdftex.def Info: figs/clutter_params.png  used on input line 836.
(pdftex.def)             Requested size: 312.54895pt x 113.39113pt.
<figs/moving_target_signal.png, id=145, 505.89pt x 301.125pt>
File: figs/moving_target_signal.png Graphic file (type png)
<use figs/moving_target_signal.png>
Package pdftex.def Info: figs/moving_target_signal.png  used on input line 841.

(pdftex.def)             Requested size: 312.54895pt x 186.04309pt.
<figs/matched_filter_doppler.png, id=146, 479.7925pt x 318.18875pt>
File: figs/matched_filter_doppler.png Graphic file (type png)
<use figs/matched_filter_doppler.png>
Package pdftex.def Info: figs/matched_filter_doppler.png  used on input line 84
5.
(pdftex.def)             Requested size: 312.54895pt x 207.27661pt.
 [20 <./figs/doppler_clutter.png> <./figs/clutter_params.png> <./figs/moving_ta
rget_signal.png>]
<figs/doppler_clutter_spectrum.png, id=153, 500.87125pt x 254.9525pt>
File: figs/doppler_clutter_spectrum.png Graphic file (type png)
<use figs/doppler_clutter_spectrum.png>
Package pdftex.def Info: figs/doppler_clutter_spectrum.png  used on input line 
849.
(pdftex.def)             Requested size: 312.54895pt x 159.09982pt.
<figs/doppler_clutter_spectrum_2.png, id=154, 524.96124pt x 240.9pt>
File: figs/doppler_clutter_spectrum_2.png Graphic file (type png)
<use figs/doppler_clutter_spectrum_2.png>
Package pdftex.def Info: figs/doppler_clutter_spectrum_2.png  used on input lin
e 851.
(pdftex.def)             Requested size: 312.54895pt x 143.431pt.
<figs/doppler_clutter_spectrum_3.png, id=155, 233.87375pt x 302.12875pt>
File: figs/doppler_clutter_spectrum_3.png Graphic file (type png)
<use figs/doppler_clutter_spectrum_3.png>
Package pdftex.def Info: figs/doppler_clutter_spectrum_3.png  used on input lin
e 853.
(pdftex.def)             Requested size: 176.6572pt x 228.22336pt.
 [21 <./figs/matched_filter_doppler.png> <./figs/doppler_clutter_spectrum.png> 
<./figs/doppler_clutter_spectrum_2.png>]
<figs/coherent_trans_architecture.png, id=162, 492.84125pt x 245.91875pt>
File: figs/coherent_trans_architecture.png Graphic file (type png)
<use figs/coherent_trans_architecture.png>
Package pdftex.def Info: figs/coherent_trans_architecture.png  used on input li
ne 887.
(pdftex.def)             Requested size: 312.54895pt x 155.96153pt.
<figs/coherent_tx_signal.png, id=163, 503.8825pt x 148.555pt>
File: figs/coherent_tx_signal.png Graphic file (type png)
<use figs/coherent_tx_signal.png>
Package pdftex.def Info: figs/coherent_tx_signal.png  used on input line 890.
(pdftex.def)             Requested size: 312.54895pt x 92.14621pt.
 [22 <./figs/doppler_clutter_spectrum_3.png> <./figs/coherent_trans_architectur
e.png> <./figs/coherent_tx_signal.png>]
<figs/coherent_rx_signal.png, id=170, 313.17pt x 31.11626pt>
File: figs/coherent_rx_signal.png Graphic file (type png)
<use figs/coherent_rx_signal.png>
Package pdftex.def Info: figs/coherent_rx_signal.png  used on input line 894.
(pdftex.def)             Requested size: 221.95676pt x 22.05421pt.
<figs/mixer_operation.png, id=171, 520.94624pt x 332.24126pt>
File: figs/mixer_operation.png Graphic file (type png)
<use figs/mixer_operation.png>
Package pdftex.def Info: figs/mixer_operation.png  used on input line 918.
(pdftex.def)             Requested size: 357.84158pt x 228.21758pt.
<figs/mixer_stationary_target.png, id=172, 730.73pt x 445.665pt>
File: figs/mixer_stationary_target.png Graphic file (type png)
<use figs/mixer_stationary_target.png>
Package pdftex.def Info: figs/mixer_stationary_target.png  used on input line 9
30.
(pdftex.def)             Requested size: 357.84158pt x 218.24174pt.
 [23 <./figs/coherent_rx_signal.png> <./figs/mixer_operation.png>]
<figs/mixer_moving_target.png, id=178, 741.77126pt x 472.76625pt>
File: figs/mixer_moving_target.png Graphic file (type png)
<use figs/mixer_moving_target.png>
Package pdftex.def Info: figs/mixer_moving_target.png  used on input line 934.
(pdftex.def)             Requested size: 357.84158pt x 228.07222pt.
<figs/mixer_receding_target.png, id=179, 660.4675pt x 446.66875pt>
File: figs/mixer_receding_target.png Graphic file (type png)
<use figs/mixer_receding_target.png>
Package pdftex.def Info: figs/mixer_receding_target.png  used on input line 938
.
(pdftex.def)             Requested size: 357.84158pt x 242.0154pt.

[24 <./figs/mixer_stationary_target.png> <./figs/mixer_moving_target.png>]
<figs/extract_real_voltage.png, id=185, 738.76pt x 493.845pt>
File: figs/extract_real_voltage.png Graphic file (type png)
<use figs/extract_real_voltage.png>
Package pdftex.def Info: figs/extract_real_voltage.png  used on input line 943.

(pdftex.def)             Requested size: 357.84158pt x 239.20557pt.
<figs/mixer1.png, id=186, 587.19376pt x 360.34625pt>
File: figs/mixer1.png Graphic file (type png)
<use figs/mixer1.png>
Package pdftex.def Info: figs/mixer1.png  used on input line 951.
(pdftex.def)             Requested size: 312.54895pt x 191.80186pt.

[25 <./figs/mixer_receding_target.png> <./figs/extract_real_voltage.png>]
<figs/mixer2.png, id=193, 988.69376pt x 676.5275pt>
File: figs/mixer2.png Graphic file (type png)
<use figs/mixer2.png>
Package pdftex.def Info: figs/mixer2.png  used on input line 955.
(pdftex.def)             Requested size: 357.84158pt x 244.8504pt.
<figs/receiver_architec_terms.png, id=194, 970.62625pt x 506.89375pt>
File: figs/receiver_architec_terms.png Graphic file (type png)
<use figs/receiver_architec_terms.png>
Package pdftex.def Info: figs/receiver_architec_terms.png  used on input line 9
57.
(pdftex.def)             Requested size: 312.54895pt x 163.22253pt.
<figs/quad_mixer_output.png, id=195, 1007.765pt x 179.67125pt>
File: figs/quad_mixer_output.png Graphic file (type png)
<use figs/quad_mixer_output.png>
Package pdftex.def Info: figs/quad_mixer_output.png  used on input line 964.
(pdftex.def)             Requested size: 357.84158pt x 63.7988pt.

[26 <./figs/mixer1.png> <./figs/mixer2.png> <./figs/receiver_architec_terms.png
>]
<figs/nyquist_frequency.png, id=202, 956.57375pt x 176.66pt>
File: figs/nyquist_frequency.png Graphic file (type png)
<use figs/nyquist_frequency.png>
Package pdftex.def Info: figs/nyquist_frequency.png  used on input line 968.
(pdftex.def)             Requested size: 312.54895pt x 57.72112pt.
<figs/nyquist_freq2.png, id=203, 782.925pt x 203.76125pt>
File: figs/nyquist_freq2.png Graphic file (type png)
<use figs/nyquist_freq2.png>
Package pdftex.def Info: figs/nyquist_freq2.png  used on input line 972.
(pdftex.def)             Requested size: 312.54895pt x 81.34448pt.
<figs/coherent_int.png, id=204, 916.42375pt x 262.9825pt>
File: figs/coherent_int.png Graphic file (type png)
<use figs/coherent_int.png>
Package pdftex.def Info: figs/coherent_int.png  used on input line 982.
(pdftex.def)             Requested size: 312.54895pt x 89.68974pt.
<figs/coherent_int2.png, id=205, 729.72626pt x 92.345pt>
File: figs/coherent_int2.png Graphic file (type png)
<use figs/coherent_int2.png>
Package pdftex.def Info: figs/coherent_int2.png  used on input line 984.
(pdftex.def)             Requested size: 267.24939pt x 33.81906pt.
<figs/multiple_targets_power.png, id=206, 388.45125pt x 82.3075pt>
File: figs/multiple_targets_power.png Graphic file (type png)
<use figs/multiple_targets_power.png>
Package pdftex.def Info: figs/multiple_targets_power.png  used on input line 99
8.
(pdftex.def)             Requested size: 267.24939pt x 56.6277pt.
<figs/multiple_targets_def.png, id=207, 653.44125pt x 158.5925pt>
File: figs/multiple_targets_def.png Graphic file (type png)
<use figs/multiple_targets_def.png>
Package pdftex.def Info: figs/multiple_targets_def.png  used on input line 1002
.
(pdftex.def)             Requested size: 267.24939pt x 64.86119pt.
 [27 <./figs/quad_mixer_output.png> <./figs/nyquist_frequency.png> <./figs/nyqu
ist_freq2.png> <./figs/coherent_int.png> <./figs/coherent_int2.png> <./figs/mul
tiple_targets_power.png>]
<figs/two_targets_power.png, id=217, 700.6175pt x 130.4875pt>
File: figs/two_targets_power.png Graphic file (type png)
<use figs/two_targets_power.png>
Package pdftex.def Info: figs/two_targets_power.png  used on input line 1006.
(pdftex.def)             Requested size: 312.54895pt x 58.21109pt.
<figs/return_power_pdf.png, id=218, 521.95pt x 228.855pt>
File: figs/return_power_pdf.png Graphic file (type png)
<use figs/return_power_pdf.png>
Package pdftex.def Info: figs/return_power_pdf.png  used on input line 1020.
(pdftex.def)             Requested size: 312.54895pt x 137.04167pt.
<figs/chi_squared.png, id=219, 334.24875pt x 66.2475pt>
File: figs/chi_squared.png Graphic file (type png)
<use figs/chi_squared.png>
Package pdftex.def Info: figs/chi_squared.png  used on input line 1027.
(pdftex.def)             Requested size: 267.24939pt x 52.9728pt.
 [28 <./figs/multiple_targets_def.png> <./figs/two_targets_power.png> <./figs/r
eturn_power_pdf.png> <./figs/chi_squared.png>]
<figs/phased_arrays.png, id=227, 582.175pt x 383.4325pt>
File: figs/phased_arrays.png Graphic file (type png)
<use figs/phased_arrays.png>
Package pdftex.def Info: figs/phased_arrays.png  used on input line 1039.
(pdftex.def)             Requested size: 312.54895pt x 205.85692pt.
<figs/normalized_array_pattern.png, id=228, 584.1825pt x 154.5775pt>
File: figs/normalized_array_pattern.png Graphic file (type png)
<use figs/normalized_array_pattern.png>
Package pdftex.def Info: figs/normalized_array_pattern.png  used on input line 
1043.
(pdftex.def)             Requested size: 339.72592pt x 89.89558pt.
<figs/array_pattern_not.png, id=229, 652.4375pt x 354.32375pt>
File: figs/array_pattern_not.png Graphic file (type png)
<use figs/array_pattern_not.png>
Package pdftex.def Info: figs/array_pattern_not.png  used on input line 1045.
(pdftex.def)             Requested size: 312.54895pt x 169.74367pt.
<figs/steering_array.png, id=230, 455.7025pt x 215.80624pt>
File: figs/steering_array.png Graphic file (type png)
<use figs/steering_array.png>
Package pdftex.def Info: figs/steering_array.png  used on input line 1051.
(pdftex.def)             Requested size: 312.54895pt x 148.01736pt.

[29 <./figs/phased_arrays.png> <./figs/normalized_array_pattern.png> <./figs/ar
ray_pattern_not.png>]
<figs/grating_lobes.png, id=237, 411.5375pt x 101.37875pt>
File: figs/grating_lobes.png Graphic file (type png)
<use figs/grating_lobes.png>
Package pdftex.def Info: figs/grating_lobes.png  used on input line 1055.
(pdftex.def)             Requested size: 267.24939pt x 65.83507pt.
<figs/grating_lobes2.png, id=238, 595.22375pt x 137.51375pt>
File: figs/grating_lobes2.png Graphic file (type png)
<use figs/grating_lobes2.png>
Package pdftex.def Info: figs/grating_lobes2.png  used on input line 1057.
(pdftex.def)             Requested size: 339.72592pt x 78.48647pt.
<figs/pattern_multiplication_principle.png, id=239, 432.61626pt x 295.1025pt>
File: figs/pattern_multiplication_principle.png Graphic file (type png)
<use figs/pattern_multiplication_principle.png>
Package pdftex.def Info: figs/pattern_multiplication_principle.png  used on inp
ut line 1061.
(pdftex.def)             Requested size: 267.24939pt x 182.30872pt.
 [30 <./figs/steering_array.png> <./figs/grating_lobes.png> <./figs/grating_lob
es2.png> <./figs/pattern_multiplication_principle.png>]
(./radar_equations.aux) ) 
Here is how much of TeX's memory you used:
 3647 strings out of 476025
 61903 string characters out of 5790017
 1861388 words of memory out of 5000000
 24014 multiletter control sequences out of 15000+600000
 520485 words of font info for 64 fonts, out of 8000000 for 9000
 1141 hyphenation exceptions out of 8191
 57i,6n,62p,259b,276s stack positions out of 10000i,1000n,20000p,200000b,200000s
</usr/local/texlive/2023/texmf-dist/fonts/type1/public
/amsfonts/cm/cmbx10.pfb></usr/local/texlive/2023/texmf-dist/fonts/type1/public/
amsfonts/cm/cmbx12.pfb></usr/local/texlive/2023/texmf-dist/fonts/type1/public/a
msfonts/cm/cmex10.pfb></usr/local/texlive/2023/texmf-dist/fonts/type1/public/am
sfonts/cm/cmmi10.pfb></usr/local/texlive/2023/texmf-dist/fonts/type1/public/ams
fonts/cm/cmmi7.pfb></usr/local/texlive/2023/texmf-dist/fonts/type1/public/amsfo
nts/cm/cmr10.pfb></usr/local/texlive/2023/texmf-dist/fonts/type1/public/amsfont
s/cm/cmr17.pfb></usr/local/texlive/2023/texmf-dist/fonts/type1/public/amsfonts/
cm/cmr7.pfb></usr/local/texlive/2023/texmf-dist/fonts/type1/public/amsfonts/cm/
cmsy10.pfb></usr/local/texlive/2023/texmf-dist/fonts/type1/public/amsfonts/cm/c
msy7.pfb></usr/local/texlive/2023/texmf-dist/fonts/type1/public/cm-super/sfrm10
00.pfb>
Output written on radar_equations.pdf (30 pages, 10186166 bytes).
PDF statistics:
 296 PDF objects out of 1000 (max. 8388607)
 102 compressed objects within 2 object streams
 0 named destinations out of 1000 (max. 500000)
 346 words of extra memory for PDF output out of 10000 (max. 10000000)

